<?xml version="1.0" encoding="UTF-8"?>
<!-- Generated by org.testng.reporters.JUnitReportReporter -->
<testsuite hostname="LAPTOP-9A2VUR2I" failures="0" tests="7" name="com.seleniumtest.Scenario5" time="56.876" errors="0" timestamp="2024-11-11T13:41:59 PST" skipped="0">
  <testcase classname="com.seleniumtest.Scenario5" name="test5Step4" time="5.886"/>
  <testcase classname="com.seleniumtest.Scenario5" name="test5Step1to3" time="3.737"/>
  <testcase classname="com.seleniumtest.Scenario5" name="test5Step7" time="0.206"/>
  <testcase classname="com.seleniumtest.Scenario5" name="test5Step0" time="34.849"/>
  <testcase classname="com.seleniumtest.Scenario5" name="test5Step1to3" time="3.929"/>
  <testcase classname="com.seleniumtest.Scenario5" name="test5Step1to3" time="3.769"/>
  <testcase classname="com.seleniumtest.Scenario5" name="test5Step5to6" time="4.500"/>
</testsuite> <!-- com.seleniumtest.Scenario5 -->
