<?xml version="1.0" encoding="UTF-8"?>
<!-- Generated by org.testng.reporters.JUnitReportReporter -->
<testsuite hostname="LAPTOP-9A2VUR2I" failures="0" tests="3" name="com.seleniumtest.Scenario4" time="217.156" errors="0" timestamp="2024-11-09T13:42:09 PST" skipped="0">
  <testcase classname="com.seleniumtest.Scenario4" name="test4Step2" time="13.776"/>
  <testcase classname="com.seleniumtest.Scenario4" name="test4Step1" time="21.620"/>
  <testcase classname="com.seleniumtest.Scenario4" name="test4Step3" time="181.760"/>
</testsuite> <!-- com.seleniumtest.Scenario4 -->
