<?xml version="1.0" encoding="UTF-8"?>
<!-- Generated by org.testng.reporters.JUnitReportReporter -->
<testsuite hostname="LAPTOP-9A2VUR2I" failures="0" tests="7" name="com.seleniumtest.Scenario5" time="56.875" errors="0" timestamp="2024-11-09T13:42:09 PST" skipped="0">
  <testcase classname="com.seleniumtest.Scenario5" name="test5Step4" time="5.880"/>
  <testcase classname="com.seleniumtest.Scenario5" name="test5Step1to3" time="3.948"/>
  <testcase classname="com.seleniumtest.Scenario5" name="test5Step5to6" time="4.512"/>
  <testcase classname="com.seleniumtest.Scenario5" name="test5Step1to3" time="3.777"/>
  <testcase classname="com.seleniumtest.Scenario5" name="test5Step7" time="0.214"/>
  <testcase classname="com.seleniumtest.Scenario5" name="test5Step0" time="34.780"/>
  <testcase classname="com.seleniumtest.Scenario5" name="test5Step1to3" time="3.764"/>
</testsuite> <!-- com.seleniumtest.Scenario5 -->
