<?xml version="1.0" encoding="UTF-8"?>
<!-- Generated by org.testng.reporters.JUnitReportReporter -->
<testsuite hostname="LAPTOP-9A2VUR2I" failures="0" tests="3" name="com.seleniumtest.Scenario4" time="210.026" errors="0" timestamp="2024-11-11T13:41:59 PST" skipped="0">
  <testcase classname="com.seleniumtest.Scenario4" name="test4Step3" time="179.116"/>
  <testcase classname="com.seleniumtest.Scenario4" name="test4Step1" time="16.927"/>
  <testcase classname="com.seleniumtest.Scenario4" name="test4Step2" time="13.983"/>
</testsuite> <!-- com.seleniumtest.Scenario4 -->
